0 verbose cli [
0 verbose cli   '/usr/local/bin/node',
0 verbose cli   '/usr/local/bin/npm',
0 verbose cli   'install',
0 verbose cli   '--ignore-scripts',
0 verbose cli   'types-registry@latest'
0 verbose cli ]
1 info using npm@8.3.0
2 info using node@v16.13.1
3 timing npm:load:whichnode Completed in 0ms
4 timing config:load:defaults Completed in 3ms
5 timing config:load:file:/usr/local/lib/node_modules/npm/npmrc Completed in 1ms
6 timing config:load:builtin Completed in 2ms
7 timing config:load:cli Completed in 2ms
8 timing config:load:env Completed in 1ms
9 timing config:load:file:/Users/admin/Library/Caches/typescript/4.4/.npmrc Completed in 0ms
10 timing config:load:project Completed in 1ms
11 timing config:load:file:/Users/admin/.npmrc Completed in 0ms
12 timing config:load:user Completed in 1ms
13 timing config:load:file:/usr/local/etc/npmrc Completed in 0ms
14 timing config:load:global Completed in 0ms
15 timing config:load:validate Completed in 0ms
16 timing config:load:credentials Completed in 2ms
17 timing config:load:setEnvs Completed in 1ms
18 timing config:load Completed in 16ms
19 timing npm:load:configload Completed in 16ms
20 timing npm:load:setTitle Completed in 24ms
21 timing config:load:flatten Completed in 4ms
22 timing npm:load:display Completed in 5ms
23 verbose logfile /Users/admin/.npm/_logs/2021-12-26T16_03_07_646Z-debug-0.log
24 timing npm:load:logFile Completed in 10ms
25 timing npm:load:timers Completed in 0ms
26 timing npm:load:configScope Completed in 0ms
27 timing npm:load Completed in 69ms
28 timing arborist:ctor Completed in 0ms
29 silly logfile start cleaning logs, removing 2 files
30 timing idealTree:init Completed in 64ms
31 warn old lockfile
31 warn old lockfile The package-lock.json file was created with an old version of npm,
31 warn old lockfile so supplemental metadata must be fetched from the registry.
31 warn old lockfile
31 warn old lockfile This is a one-time fix-up, please be patient...
31 warn old lockfile
32 silly inflate node_modules/@jest/types
33 silly inflate node_modules/@types/istanbul-lib-coverage
34 silly inflate node_modules/@types/istanbul-lib-report
35 silly inflate node_modules/@types/istanbul-reports
36 verbose shrinkwrap failed to load node_modules/.package-lock.json out of date, updated: node_modules
37 http fetch GET 200 https://registry.npmjs.org/@types%2fistanbul-lib-report 370ms (cache miss)
38 silly inflate node_modules/@types/jest
39 http fetch GET 200 https://registry.npmjs.org/@types%2fistanbul-lib-coverage 374ms (cache miss)
40 silly inflate node_modules/@types/node
41 http fetch GET 200 https://registry.npmjs.org/@jest%2ftypes 384ms (cache miss)
42 silly inflate node_modules/@types/yargs
43 http fetch GET 200 https://registry.npmjs.org/@types%2fyargs 127ms (cache miss)
44 silly inflate node_modules/@types/yargs-parser
45 http fetch GET 200 https://registry.npmjs.org/@types%2fyargs-parser 96ms (cache miss)
46 silly inflate node_modules/ansi-regex
47 http fetch GET 200 https://registry.npmjs.org/ansi-regex 85ms (cache revalidated)
48 silly inflate node_modules/ansi-styles
49 http fetch GET 200 https://registry.npmjs.org/@types%2fnode 324ms (cache miss)
50 silly inflate node_modules/chalk
51 http fetch GET 200 https://registry.npmjs.org/ansi-styles 104ms (cache revalidated)
52 silly inflate node_modules/color-convert
53 http fetch GET 200 https://registry.npmjs.org/chalk 103ms (cache revalidated)
54 silly inflate node_modules/color-name
55 http fetch GET 200 https://registry.npmjs.org/color-convert 75ms (cache revalidated)
56 silly inflate node_modules/diff-sequences
57 http fetch GET 200 https://registry.npmjs.org/color-name 75ms (cache revalidated)
58 silly inflate node_modules/has-flag
59 http fetch GET 200 https://registry.npmjs.org/diff-sequences 77ms (cache miss)
60 silly inflate node_modules/jest-diff
61 http fetch GET 200 https://registry.npmjs.org/has-flag 72ms (cache revalidated)
62 silly inflate node_modules/jest-get-type
63 http fetch GET 200 https://registry.npmjs.org/@types%2fistanbul-reports 1100ms (cache miss)
64 silly inflate node_modules/pretty-format
65 http fetch GET 200 https://registry.npmjs.org/jest-diff 148ms (cache miss)
66 silly inflate node_modules/pretty-format/node_modules/ansi-styles
67 silly inflate node_modules/react-is
68 http fetch GET 200 https://registry.npmjs.org/@types%2fjest 822ms (cache miss)
69 silly inflate node_modules/supports-color
70 http fetch GET 200 https://registry.npmjs.org/supports-color 103ms (cache revalidated)
71 silly inflate node_modules/types-registry
72 http fetch GET 200 https://registry.npmjs.org/react-is 195ms (cache miss)
73 http fetch GET 200 https://registry.npmjs.org/jest-get-type 446ms (cache miss)
74 http fetch GET 200 https://registry.npmjs.org/types-registry 122ms (cache miss)
75 http fetch GET 200 https://registry.npmjs.org/pretty-format 489ms (cache miss)
76 timing idealTree:inflate Completed in 1601ms
77 timing idealTree:userRequests Completed in 3ms
78 silly idealTree buildDeps
79 silly fetch manifest types-registry@0.1.573
80 silly placeDep ROOT types-registry@0.1.573 REPLACE for:  want: 0.1.573
81 timing idealTree:#root Completed in 6ms
82 timing idealTree:node_modules/types-registry Completed in 0ms
83 timing idealTree:buildDeps Completed in 7ms
84 timing idealTree:fixDepFlags Completed in 0ms
85 timing idealTree Completed in 1677ms
86 timing reify:loadTrees Completed in 1679ms
87 timing reify:diffTrees Completed in 2ms
88 silly reify mark retired [
88 silly reify   '/Users/admin/Library/Caches/typescript/4.4/node_modules/types-registry'
88 silly reify ]
89 silly reify moves {
89 silly reify   '/Users/admin/Library/Caches/typescript/4.4/node_modules/types-registry': '/Users/admin/Library/Caches/typescript/4.4/node_modules/.types-registry-YAsA5FnJ'
89 silly reify }
90 timing reify:retireShallow Completed in 5ms
91 timing reify:createSparse Completed in 0ms
92 timing reify:loadBundles Completed in 0ms
93 silly audit bulk request {
93 silly audit   '@jest/types': [ '27.2.5' ],
93 silly audit   '@types/istanbul-lib-coverage': [ '2.0.3' ],
93 silly audit   '@types/istanbul-lib-report': [ '3.0.0' ],
93 silly audit   '@types/istanbul-reports': [ '3.0.1' ],
93 silly audit   '@types/jest': [ '27.0.3' ],
93 silly audit   '@types/node': [ '16.11.6' ],
93 silly audit   '@types/yargs': [ '16.0.4' ],
93 silly audit   '@types/yargs-parser': [ '20.2.1' ],
93 silly audit   'ansi-regex': [ '5.0.1' ],
93 silly audit   'ansi-styles': [ '4.3.0', '5.2.0' ],
93 silly audit   chalk: [ '4.1.2' ],
93 silly audit   'color-convert': [ '2.0.1' ],
93 silly audit   'color-name': [ '1.1.4' ],
93 silly audit   'diff-sequences': [ '27.0.6' ],
93 silly audit   'has-flag': [ '4.0.0' ],
93 silly audit   'jest-diff': [ '27.3.1' ],
93 silly audit   'jest-get-type': [ '27.3.1' ],
93 silly audit   'pretty-format': [ '27.3.1' ],
93 silly audit   'react-is': [ '17.0.2' ],
93 silly audit   'supports-color': [ '7.2.0' ],
93 silly audit   'types-registry': [ '0.1.573' ]
93 silly audit }
94 silly tarball no local data for types-registry@https://registry.npmjs.org/types-registry/-/types-registry-0.1.573.tgz. Extracting by manifest.
95 http fetch GET 200 https://registry.npmjs.org/types-registry/-/types-registry-0.1.573.tgz 131ms (cache miss)
96 timing reifyNode:node_modules/types-registry Completed in 138ms
97 timing reify:unpack Completed in 138ms
98 timing reify:unretire Completed in 0ms
99 timing build:queue Completed in 4ms
100 timing build:deps Completed in 4ms
101 timing build Completed in 4ms
102 timing reify:build Completed in 5ms
103 timing reify:trash Completed in 4ms
104 timing reify:save Completed in 10ms
105 http fetch POST 200 https://registry.npmjs.org/-/npm/v1/security/advisories/bulk 540ms
106 timing auditReport:getReport Completed in 542ms
107 silly audit report {}
108 timing auditReport:init Completed in 0ms
109 timing reify:audit Completed in 542ms
110 timing reify Completed in 2244ms
111 silly CHANGE node_modules/types-registry
112 timing command:install Completed in 2249ms
113 verbose exit 0
114 timing npm Completed in 3084ms
115 info ok
