0 verbose cli [
0 verbose cli   '/usr/local/bin/node',
0 verbose cli   '/usr/local/bin/npm',
0 verbose cli   'install',
0 verbose cli   '--ignore-scripts',
0 verbose cli   '@types/core-js@ts4.4',
0 verbose cli   '--save-dev',
0 verbose cli   '--user-agent=typesInstaller/4.4.3'
0 verbose cli ]
1 info using npm@8.3.0
2 info using node@v16.13.1
3 timing npm:load:whichnode Completed in 3ms
4 timing config:load:defaults Completed in 15ms
5 timing config:load:file:/usr/local/lib/node_modules/npm/npmrc Completed in 2ms
6 timing config:load:builtin Completed in 2ms
7 timing config:load:cli Completed in 13ms
8 timing config:load:env Completed in 0ms
9 timing config:load:file:/Users/admin/Library/Caches/typescript/4.4/.npmrc Completed in 12ms
10 timing config:load:project Completed in 15ms
11 timing config:load:file:/Users/admin/.npmrc Completed in 1ms
12 timing config:load:user Completed in 3ms
13 timing config:load:file:/usr/local/etc/npmrc Completed in 0ms
14 timing config:load:global Completed in 0ms
15 timing config:load:validate Completed in 0ms
16 timing config:load:credentials Completed in 2ms
17 timing config:load:setEnvs Completed in 1ms
18 timing config:load Completed in 51ms
19 timing npm:load:configload Completed in 51ms
20 timing npm:load:setTitle Completed in 24ms
21 timing config:load:flatten Completed in 5ms
22 timing npm:load:display Completed in 7ms
23 verbose logfile /Users/admin/.npm/_logs/2021-12-26T16_19_25_047Z-debug-0.log
24 timing npm:load:logFile Completed in 10ms
25 timing npm:load:timers Completed in 0ms
26 timing npm:load:configScope Completed in 0ms
27 timing npm:load Completed in 98ms
28 timing arborist:ctor Completed in 1ms
29 silly logfile start cleaning logs, removing 1 files
30 timing idealTree:init Completed in 179ms
31 verbose shrinkwrap failed to load node_modules/.package-lock.json out of date, updated: node_modules
32 http fetch GET 200 https://registry.npmjs.org/@types%2fcore-js 359ms (cache miss)
33 timing idealTree:userRequests Completed in 368ms
34 silly idealTree buildDeps
35 silly fetch manifest @types/core-js@2.5.5
36 silly placeDep ROOT @types/core-js@2.5.5 OK for:  want: 2.5.5
37 timing idealTree:#root Completed in 5ms
38 timing idealTree:node_modules/@types/core-js Completed in 0ms
39 timing idealTree:buildDeps Completed in 7ms
40 timing idealTree:fixDepFlags Completed in 0ms
41 timing idealTree Completed in 555ms
42 timing reify:loadTrees Completed in 558ms
43 timing reify:diffTrees Completed in 3ms
44 silly reify moves {}
45 timing reify:retireShallow Completed in 1ms
46 timing reify:createSparse Completed in 2ms
47 timing reify:loadBundles Completed in 0ms
48 silly audit bulk request {
48 silly audit   '@jest/types': [ '27.2.5' ],
48 silly audit   '@types/istanbul-lib-coverage': [ '2.0.3' ],
48 silly audit   '@types/istanbul-lib-report': [ '3.0.0' ],
48 silly audit   '@types/istanbul-reports': [ '3.0.1' ],
48 silly audit   '@types/jest': [ '27.0.3' ],
48 silly audit   '@types/node': [ '16.11.6' ],
48 silly audit   '@types/yargs': [ '16.0.4' ],
48 silly audit   '@types/yargs-parser': [ '20.2.1' ],
48 silly audit   'ansi-regex': [ '5.0.1' ],
48 silly audit   'ansi-styles': [ '4.3.0', '5.2.0' ],
48 silly audit   chalk: [ '4.1.2' ],
48 silly audit   'color-convert': [ '2.0.1' ],
48 silly audit   'color-name': [ '1.1.4' ],
48 silly audit   'diff-sequences': [ '27.0.6' ],
48 silly audit   'has-flag': [ '4.0.0' ],
48 silly audit   'jest-diff': [ '27.3.1' ],
48 silly audit   'jest-get-type': [ '27.3.1' ],
48 silly audit   'pretty-format': [ '27.3.1' ],
48 silly audit   'react-is': [ '17.0.2' ],
48 silly audit   'supports-color': [ '7.2.0' ],
48 silly audit   'types-registry': [ '0.1.573' ],
48 silly audit   '@types/core-js': [ '2.5.5' ]
48 silly audit }
49 silly tarball no local data for @types/core-js@https://registry.npmjs.org/@types/core-js/-/core-js-2.5.5.tgz. Extracting by manifest.
50 http fetch POST 200 https://registry.npmjs.org/-/npm/v1/security/advisories/bulk 483ms
51 timing auditReport:getReport Completed in 487ms
52 silly audit report {}
53 timing auditReport:init Completed in 0ms
54 timing reify:audit Completed in 488ms
55 http fetch GET 200 https://registry.npmjs.org/@types/core-js/-/core-js-2.5.5.tgz 620ms (cache miss)
56 timing reifyNode:node_modules/@types/core-js Completed in 629ms
57 timing reify:unpack Completed in 629ms
58 timing reify:unretire Completed in 0ms
59 timing build:queue Completed in 1ms
60 timing build:deps Completed in 2ms
61 timing build Completed in 2ms
62 timing reify:build Completed in 2ms
63 timing reify:trash Completed in 0ms
64 timing reify:save Completed in 11ms
65 timing reify Completed in 1231ms
66 silly ADD node_modules/@types/core-js
67 timing command:install Completed in 1238ms
68 verbose exit 0
69 timing npm Completed in 2206ms
70 info ok
