0 verbose cli [
0 verbose cli   '/usr/local/bin/node',
0 verbose cli   '/usr/local/bin/npm',
0 verbose cli   'install',
0 verbose cli   '--ignore-scripts',
0 verbose cli   '@types/bootstrap@ts4.4',
0 verbose cli   '@types/jquery@ts4.4',
0 verbose cli   '@types/karma@ts4.4',
0 verbose cli   '@types/karma-chrome-launcher@ts4.4',
0 verbose cli   '@types/karma-coverage@ts4.4',
0 verbose cli   '@types/karma-jasmine@ts4.4',
0 verbose cli   '@types/karma-jasmine-html-reporter@ts4.4',
0 verbose cli   '--save-dev',
0 verbose cli   '--user-agent=typesInstaller/4.4.3'
0 verbose cli ]
1 info using npm@8.3.0
2 info using node@v16.13.1
3 timing npm:load:whichnode Completed in 1ms
4 timing config:load:defaults Completed in 2ms
5 timing config:load:file:/usr/local/lib/node_modules/npm/npmrc Completed in 1ms
6 timing config:load:builtin Completed in 1ms
7 timing config:load:cli Completed in 1ms
8 timing config:load:env Completed in 0ms
9 timing config:load:file:/Users/admin/Library/Caches/typescript/4.4/.npmrc Completed in 1ms
10 timing config:load:project Completed in 3ms
11 timing config:load:file:/Users/admin/.npmrc Completed in 1ms
12 timing config:load:user Completed in 1ms
13 timing config:load:file:/usr/local/etc/npmrc Completed in 0ms
14 timing config:load:global Completed in 1ms
15 timing config:load:validate Completed in 0ms
16 timing config:load:credentials Completed in 3ms
17 timing config:load:setEnvs Completed in 1ms
18 timing config:load Completed in 15ms
19 timing npm:load:configload Completed in 15ms
20 timing npm:load:setTitle Completed in 20ms
21 timing config:load:flatten Completed in 3ms
22 timing npm:load:display Completed in 4ms
23 verbose logfile /Users/admin/.npm/_logs/2021-12-26T16_18_24_307Z-debug-0.log
24 timing npm:load:logFile Completed in 6ms
25 timing npm:load:timers Completed in 0ms
26 timing npm:load:configScope Completed in 0ms
27 timing npm:load Completed in 48ms
28 timing arborist:ctor Completed in 1ms
29 silly logfile start cleaning logs, removing 2 files
30 timing idealTree:init Completed in 40ms
31 timing arborist:ctor Completed in 0ms
32 http fetch GET 200 https://registry.npmjs.org/@types%2fjquery 393ms (cache miss)
33 http fetch GET 200 https://registry.npmjs.org/@types%2fkarma 1206ms (cache miss)
34 http fetch GET 200 https://registry.npmjs.org/@types%2fkarma-jasmine-html-reporter 1284ms (cache miss)
35 http fetch GET 200 https://registry.npmjs.org/@types%2fkarma-chrome-launcher 1519ms (cache miss)
36 http fetch GET 200 https://registry.npmjs.org/@types%2fkarma-jasmine 1553ms (cache miss)
37 http fetch GET 200 https://registry.npmjs.org/@types%2fbootstrap 1577ms (cache miss)
38 http fetch GET 200 https://registry.npmjs.org/@types%2fkarma-coverage 1632ms (cache miss)
39 timing idealTree Completed in 1677ms
40 timing command:install Completed in 1696ms
41 verbose type system
42 verbose stack FetchError: Invalid response body while trying to fetch https://registry.npmjs.org/@types%2fkarma-coverage: EACCES: permission denied, mkdir '/Users/admin/.npm/_cacache/index-v5/f6/17'
42 verbose stack     at /usr/local/lib/node_modules/npm/node_modules/minipass-fetch/lib/body.js:162:15
42 verbose stack     at async Arborist.[retrieveSpecName] (/usr/local/lib/node_modules/npm/node_modules/@npmcli/arborist/lib/arborist/build-ideal-tree.js:533:18)
42 verbose stack     at async /usr/local/lib/node_modules/npm/node_modules/@npmcli/arborist/lib/arborist/build-ideal-tree.js:504:20
42 verbose stack     at async Promise.all (index 4)
42 verbose stack     at async Arborist.[applyUserRequestsToNode] (/usr/local/lib/node_modules/npm/node_modules/@npmcli/arborist/lib/arborist/build-ideal-tree.js:472:7)
42 verbose stack     at async Arborist.[applyUserRequests] (/usr/local/lib/node_modules/npm/node_modules/@npmcli/arborist/lib/arborist/build-ideal-tree.js:409:7)
42 verbose stack     at async Arborist.buildIdealTree (/usr/local/lib/node_modules/npm/node_modules/@npmcli/arborist/lib/arborist/build-ideal-tree.js:215:7)
42 verbose stack     at async Promise.all (index 1)
42 verbose stack     at async Arborist.reify (/usr/local/lib/node_modules/npm/node_modules/@npmcli/arborist/lib/arborist/reify.js:149:5)
42 verbose stack     at async Install.exec (/usr/local/lib/node_modules/npm/lib/commands/install.js:157:5)
43 verbose cwd /Users/admin/Library/Caches/typescript/4.4
44 verbose Darwin 19.6.0
45 verbose argv "/usr/local/bin/node" "/usr/local/bin/npm" "install" "--ignore-scripts" "@types/bootstrap@ts4.4" "@types/jquery@ts4.4" "@types/karma@ts4.4" "@types/karma-chrome-launcher@ts4.4" "@types/karma-coverage@ts4.4" "@types/karma-jasmine@ts4.4" "@types/karma-jasmine-html-reporter@ts4.4" "--save-dev" "--user-agent=typesInstaller/4.4.3"
46 verbose node v16.13.1
47 verbose npm  v8.3.0
48 error code EACCES
49 error syscall mkdir
50 error path /Users/admin/.npm/_cacache/index-v5/f6/17
51 error errno EACCES
52 verbose FetchError: Invalid response body while trying to fetch https://registry.npmjs.org/@types%2fkarma-coverage: EACCES: permission denied, mkdir '/Users/admin/.npm/_cacache/index-v5/f6/17'
    at /usr/local/lib/node_modules/npm/node_modules/minipass-fetch/lib/body.js:162:15
    at async Arborist.[retrieveSpecName] (/usr/local/lib/node_modules/npm/node_modules/@npmcli/arborist/lib/arborist/build-ideal-tree.js:533:18)
    at async /usr/local/lib/node_modules/npm/node_modules/@npmcli/arborist/lib/arborist/build-ideal-tree.js:504:20
    at async Promise.all (index 4)
    at async Arborist.[applyUserRequestsToNode] (/usr/local/lib/node_modules/npm/node_modules/@npmcli/arborist/lib/arborist/build-ideal-tree.js:472:7)
    at async Arborist.[applyUserRequests] (/usr/local/lib/node_modules/npm/node_modules/@npmcli/arborist/lib/arborist/build-ideal-tree.js:409:7)
    at async Arborist.buildIdealTree (/usr/local/lib/node_modules/npm/node_modules/@npmcli/arborist/lib/arborist/build-ideal-tree.js:215:7)
    at async Promise.all (index 1)
    at async Arborist.reify (/usr/local/lib/node_modules/npm/node_modules/@npmcli/arborist/lib/arborist/reify.js:149:5)
    at async Install.exec (/usr/local/lib/node_modules/npm/lib/commands/install.js:157:5)
53 error
53 error Your cache folder contains root-owned files, due to a bug in
53 error previous versions of npm which has since been addressed.
53 error
53 error To permanently fix this problem, please run:
53 error   sudo chown -R 501:20 "/Users/admin/.npm"
54 verbose exit 1
55 timing npm Completed in 2622ms
56 verbose unfinished npm timer reify 1640535505228
57 verbose unfinished npm timer reify:loadTrees 1640535505240
58 verbose unfinished npm timer idealTree:userRequests 1640535505283
59 verbose code 1
60 error A complete log of this run can be found in:
60 error     /Users/admin/.npm/_logs/2021-12-26T16_18_24_307Z-debug-0.log
