0 verbose cli [
0 verbose cli   '/usr/local/bin/node',
0 verbose cli   '/usr/local/bin/npm',
0 verbose cli   'install',
0 verbose cli   '--ignore-scripts',
0 verbose cli   'types-registry@latest'
0 verbose cli ]
1 info using npm@8.3.0
2 info using node@v16.13.1
3 timing npm:load:whichnode Completed in 1ms
4 timing config:load:defaults Completed in 5ms
5 timing config:load:file:/usr/local/lib/node_modules/npm/npmrc Completed in 1ms
6 timing config:load:builtin Completed in 3ms
7 timing config:load:cli Completed in 4ms
8 timing config:load:env Completed in 2ms
9 timing config:load:file:/Users/admin/Library/Caches/typescript/4.4/.npmrc Completed in 1ms
10 timing config:load:project Completed in 2ms
11 timing config:load:file:/Users/admin/.npmrc Completed in 0ms
12 timing config:load:user Completed in 0ms
13 timing config:load:file:/usr/local/etc/npmrc Completed in 1ms
14 timing config:load:global Completed in 1ms
15 timing config:load:validate Completed in 1ms
16 timing config:load:credentials Completed in 2ms
17 timing config:load:setEnvs Completed in 2ms
18 timing config:load Completed in 24ms
19 timing npm:load:configload Completed in 25ms
20 timing npm:load:setTitle Completed in 172ms
21 timing config:load:flatten Completed in 23ms
22 timing npm:load:display Completed in 24ms
23 verbose logfile /Users/admin/.npm/_logs/2021-12-26T16_04_23_952Z-debug-0.log
24 timing npm:load:logFile Completed in 7ms
25 timing npm:load:timers Completed in 1ms
26 timing npm:load:configScope Completed in 0ms
27 timing npm:load Completed in 234ms
28 timing arborist:ctor Completed in 1ms
29 silly logfile start cleaning logs, removing 1 files
30 timing idealTree:init Completed in 187ms
31 timing arborist:ctor Completed in 0ms
32 http fetch GET 200 https://registry.npmjs.org/types-registry 77ms (cache hit)
33 timing idealTree:userRequests Completed in 84ms
34 silly idealTree buildDeps
35 silly fetch manifest types-registry@0.1.573
36 silly placeDep ROOT types-registry@0.1.573 REPLACE for:  want: 0.1.573
37 timing idealTree:#root Completed in 68ms
38 timing idealTree:node_modules/types-registry Completed in 0ms
39 timing idealTree:buildDeps Completed in 70ms
40 timing idealTree:fixDepFlags Completed in 0ms
41 timing idealTree Completed in 345ms
42 timing reify:loadTrees Completed in 351ms
43 timing reify:diffTrees Completed in 9ms
44 silly reify moves {}
45 timing reify:retireShallow Completed in 0ms
46 timing reify:createSparse Completed in 0ms
47 timing reify:loadBundles Completed in 0ms
48 silly audit bulk request {
48 silly audit   '@jest/types': [ '27.2.5' ],
48 silly audit   '@types/istanbul-lib-coverage': [ '2.0.3' ],
48 silly audit   '@types/istanbul-lib-report': [ '3.0.0' ],
48 silly audit   '@types/istanbul-reports': [ '3.0.1' ],
48 silly audit   '@types/jest': [ '27.0.3' ],
48 silly audit   '@types/node': [ '16.11.6' ],
48 silly audit   '@types/yargs': [ '16.0.4' ],
48 silly audit   '@types/yargs-parser': [ '20.2.1' ],
48 silly audit   'ansi-regex': [ '5.0.1' ],
48 silly audit   'ansi-styles': [ '4.3.0', '5.2.0' ],
48 silly audit   chalk: [ '4.1.2' ],
48 silly audit   'color-convert': [ '2.0.1' ],
48 silly audit   'color-name': [ '1.1.4' ],
48 silly audit   'diff-sequences': [ '27.0.6' ],
48 silly audit   'has-flag': [ '4.0.0' ],
48 silly audit   'jest-diff': [ '27.3.1' ],
48 silly audit   'jest-get-type': [ '27.3.1' ],
48 silly audit   'pretty-format': [ '27.3.1' ],
48 silly audit   'react-is': [ '17.0.2' ],
48 silly audit   'supports-color': [ '7.2.0' ],
48 silly audit   'types-registry': [ '0.1.573' ]
48 silly audit }
49 timing reify:unpack Completed in 6ms
50 timing reify:unretire Completed in 1ms
51 timing build:queue Completed in 0ms
52 timing build:deps Completed in 0ms
53 timing build Completed in 0ms
54 timing reify:build Completed in 0ms
55 timing reify:trash Completed in 0ms
56 timing reify:save Completed in 12ms
57 http fetch POST 200 https://registry.npmjs.org/-/npm/v1/security/advisories/bulk 460ms
58 timing auditReport:getReport Completed in 463ms
59 silly audit report {}
60 timing auditReport:init Completed in 0ms
61 timing reify:audit Completed in 463ms
62 timing reify Completed in 852ms
63 timing command:install Completed in 857ms
64 verbose exit 0
65 timing npm Completed in 2740ms
66 info ok
